20240118	16:43:52	3fc8a15b-c9e0-4f5c-90f3-bbbdfcfb8ab4	GET	undefined	/
20240118	16:43:52	3f43f086-e061-4b85-9901-428eddd04578	GET	undefined	/css/style.css
20240118	16:43:59	8829161a-0c36-4fa8-b77e-777354e036c8	GET	undefined	/s
20240118	16:43:59	05311825-2f30-493d-9bad-849ffd009766	GET	undefined	/css/style.css
20240118	17:29:41	da69cba0-d198-445b-96d7-16cae8c8ad37	GET	undefined	/s
20240118	17:29:41	f5a0d1a8-6a59-4527-a103-dd1d6075f5bf	GET	undefined	/css/style.css
20240118	17:31:55	7988d9eb-e729-463c-893d-45aad3fa87b8	OPTIONS	https://www.google.com	/
20240118	17:31:55	f8043bb4-e49a-4c6a-8621-e4f8579f0779	GET	https://www.google.com	/
20240118	17:32:29	9a0c57dc-2983-4ac6-b114-2238dc2e8d0f	OPTIONS	https://www.google.com	/
20240118	17:32:29	1ee79643-f92b-4e73-ac9b-8541ed35d2b7	GET	https://www.google.com	/
20240118	17:40:17	3421555e-7789-4f4c-aac5-317044bfe2b9	GET	undefined	/
20240118	17:40:18	ff47710b-8aa7-4e09-b856-f2544f139a7f	GET	undefined	/css/style.css
20240118	17:40:26	adc41247-f32a-4ad4-8f54-b6e20ae81e24	GET	null	/
20240120	17:24:59	77a6a0bd-5cbe-47ea-90e1-dfede00d2d16	GET	http://localhost:3000	/users
20240123	18:10:50	23c196f1-f303-4cbf-b412-a405f082d993	GET	http://localhost:3000	/notes
20240123	18:10:50	c6e6f5b0-4c84-447f-8d93-74cd2761bfe2	GET	http://localhost:3000	/users
20240123	18:11:09	5587f988-c1e1-4c22-89ba-d02af7daeba5	OPTIONS	http://localhost:3000	/users
20240123	18:11:09	a70ad5f2-620c-403d-8985-881c1cf54de1	POST	http://localhost:3000	/users
20240123	18:11:09	57a15468-69d5-402b-80f9-d4399166d2f4	GET	http://localhost:3000	/users
20240123	18:11:26	23c6bd99-c948-47cd-8028-8c7aa9634eb7	OPTIONS	http://localhost:3000	/users
20240123	18:11:26	545cfa8c-1b69-4e28-987e-57481017cdc2	POST	http://localhost:3000	/users
20240123	18:11:26	16361ddf-081c-4173-bba9-587cf3519c73	GET	http://localhost:3000	/users
20240123	18:12:06	0c2c53de-567a-4956-9759-4271d0209c49	GET	undefined	/
20240123	18:13:52	8625d615-a334-420b-a7d3-03ed484a4623	GET	undefined	/user
20240123	18:13:56	74784986-e400-4366-85c6-03034d612961	GET	undefined	/user
20240123	18:14:22	73913c09-3ede-4395-822c-67f2a412957a	GET	undefined	/users
20240123	18:14:48	df1af0cc-129f-4426-9422-06f76095ea19	GET	undefined	/users
20240123	18:16:12	ee3b080b-9648-48ad-a0b7-d70fde0cf3e7	OPTIONS	http://localhost:3000	/users
20240123	18:16:12	20988971-fea4-4afe-b951-4a2d0cc6d317	POST	http://localhost:3000	/users
20240123	18:16:12	4a0bc8c2-2b0e-48cd-90f6-7f1ef7c170fd	GET	http://localhost:3000	/users
20240123	18:16:25	d3596078-c7f0-48c4-9218-eaf6a89ddb6d	GET	undefined	/users
20240123	18:21:41	a29bade3-d87d-4553-91b6-23d3ca30f9de	GET	http://localhost:3000	/notes
20240123	18:21:41	f3a436d6-887f-420b-b7e0-44a23721b968	GET	http://localhost:3000	/users
20240123	18:21:52	a488ccff-b8e0-4f14-a958-41a8d940da86	OPTIONS	http://localhost:3000	/users
20240123	18:21:52	af1dcd1f-6a0f-44df-8555-aacb2ff62fa5	POST	http://localhost:3000	/users
20240123	18:21:52	67c19199-965a-43a7-8e8c-58be56e52b3f	GET	http://localhost:3000	/users
20240123	18:22:17	183b1af2-caac-44f2-a4d5-0564f5e6c159	OPTIONS	http://localhost:3000	/users
20240123	18:22:17	62d74742-1d44-40a1-89fc-d6359f9f858f	POST	http://localhost:3000	/users
20240123	18:22:17	0f7432e9-82b4-462c-9d56-b63a8b22469c	GET	http://localhost:3000	/users
20240123	18:23:05	7e0beee0-56ca-4779-aef3-caa755ccb3f5	OPTIONS	http://localhost:3000	/users
20240123	18:23:05	cec0c8f0-553f-4e4b-9160-b46e5a01d0d6	POST	http://localhost:3000	/users
20240123	18:23:05	4fbe0aee-268c-4fb6-85b9-4726d674ce83	GET	http://localhost:3000	/users
20240123	18:23:46	57cf5f22-50ca-4a66-9064-52c0550f68cb	OPTIONS	http://localhost:3000	/users
20240123	18:23:46	f76faf7b-d510-47b2-8746-1343f1865b0b	POST	http://localhost:3000	/users
20240123	18:23:46	e7154cac-df37-47f0-8f6a-051f483ac0ad	GET	http://localhost:3000	/users
20240123	18:24:47	7e15c58d-192b-4902-b207-8b817ef5faa9	GET	http://localhost:3000	/users
20240123	18:25:48	b476716c-0a57-40e1-85d5-44c01ea337bc	GET	http://localhost:3000	/users
20240123	18:26:49	29225bed-6a40-432b-9a3f-a9f79bcf2cb4	GET	http://localhost:3000	/users
20240123	18:27:50	02978e6f-a604-4603-bc22-43c1bf1c2790	GET	http://localhost:3000	/users
20240123	18:28:51	97dd460b-605b-4dc8-922c-4d83a4e11241	GET	http://localhost:3000	/users
20240123	18:29:10	e27c3f45-64e9-457d-9fd3-a03370d2ad6a	GET	undefined	/users
20240123	18:29:52	d7b963cd-bc34-46ef-b48b-9cc8fff06f17	GET	http://localhost:3000	/users
20240123	18:30:53	f9224a95-fece-45f4-9ec9-35b1a18e20d3	GET	http://localhost:3000	/users
20240123	18:31:48	77cc4ac7-191e-439e-8778-ac9a91c37845	OPTIONS	http://localhost:3000	/users
20240123	18:31:48	5fb6dd31-b7d9-4dd2-9db1-de51ba9edbde	POST	http://localhost:3000	/users
20240123	18:31:49	34644894-ae89-4424-b9d3-f12dbb516d1c	GET	http://localhost:3000	/users
20240123	18:32:49	4741f271-e8a4-4ba7-9bb1-956f68efe3cd	GET	http://localhost:3000	/users
20240123	18:33:08	abfbfbaf-7559-4cb0-8dcc-2a3360073e85	OPTIONS	http://localhost:3000	/users
20240123	18:33:08	3994c77d-d5b8-4f4e-9949-928719f55784	POST	http://localhost:3000	/users
20240123	18:33:09	1fd4f901-fe95-4ffc-884f-78e3ad02c6c1	GET	http://localhost:3000	/users
20240123	18:33:12	6735845f-6dae-4b69-9912-53c7f4316394	GET	undefined	/users
20240123	18:34:09	dea52638-adf4-4e86-81cc-f5fd2cbc1d07	GET	http://localhost:3000	/users
20240123	18:35:11	558d6e9e-8997-4be7-ab60-d14bf61e1e31	OPTIONS	http://localhost:3000	/users
20240123	18:35:11	023727be-7360-475e-980f-4258cfe0ff4d	POST	http://localhost:3000	/users
20240123	18:35:11	4c4a382e-4f17-466f-99c6-bf383caefce4	GET	http://localhost:3000	/users
20240123	18:36:12	ad9d2bdd-0e16-411f-b3da-4b87f8287af9	GET	http://localhost:3000	/users
20240123	18:36:37	551c350d-3427-4b1d-90a5-a71b226325b4	GET	http://localhost:3000	/users
20240123	18:36:37	5e3485fc-b358-430a-a4c7-38427ecc3bb3	GET	http://localhost:3000	/notes
20240123	18:37:37	66fbee53-5196-46de-89da-edaada50bd8e	OPTIONS	http://localhost:3000	/users
20240123	18:37:37	e7c02505-bb4d-43e0-8eaa-8447e27a0b11	POST	http://localhost:3000	/users
20240123	18:37:37	c558907e-2a2f-49e0-868b-ad0c3f1b6495	GET	http://localhost:3000	/users
20240123	18:38:38	801f79b9-14fc-4852-bed5-5eed0c4fccfb	GET	http://localhost:3000	/users
20240123	20:43:13	10c3195e-b5b9-439b-bd38-a7afc21ca0f0	GET	http://localhost:3000	/users
20240123	20:44:14	f0ad789b-c37e-4c94-9860-e149b49a7bfc	GET	http://localhost:3000	/users
20240123	20:45:15	ad206a14-9546-4568-921d-82e4be040096	GET	http://localhost:3000	/users
20240123	20:46:16	67765914-27f6-4bc5-bff0-e1ab1a404d61	GET	http://localhost:3000	/users
20240123	20:47:16	87a2cb69-5626-4372-870c-8546eb41c212	GET	http://localhost:3000	/users
20240123	21:25:40	908a3a0b-a03f-4619-832a-2ec5583641cd	GET	http://localhost:3000	/users
20240123	21:25:40	f3c737b4-49fa-4d44-a03c-b9213b3103a1	GET	http://localhost:3000	/notes
20240123	21:25:58	5785820d-a60b-422a-85bf-b538801c78cb	OPTIONS	http://localhost:3000	/users
20240123	21:25:58	31a4d507-dc6f-484d-ad2f-7a0ca1a50ce0	POST	http://localhost:3000	/users
20240123	21:25:59	1bb4c45e-8fd2-488a-81c9-f9ca299db1cd	GET	http://localhost:3000	/users
20240123	21:26:59	4bf24827-1e80-4121-af37-cffa8393e40d	GET	http://localhost:3000	/users
20240123	21:27:08	2848d235-7bea-41cd-a0b0-ca9496aa4ae9	OPTIONS	http://localhost:3000	/users
20240123	21:27:08	6832e134-9238-4cb0-9eff-99798ca6f034	POST	http://localhost:3000	/users
20240123	21:27:08	caa1a8f6-43e5-4614-bbc1-b966da3b30a6	GET	http://localhost:3000	/users
20240123	21:28:06	136b884b-6b64-4755-bc2a-e2a00511cbb1	OPTIONS	http://localhost:3000	/users
20240123	21:28:06	c60c3207-0f39-4671-a3f0-9b9cfa175493	POST	http://localhost:3000	/users
20240123	21:28:06	056ad682-8493-4b22-a569-56431fb45b1e	GET	http://localhost:3000	/users
20240123	21:29:06	fa4a1840-1782-49a4-b73d-ee0d1a75070a	GET	http://localhost:3000	/users
20240123	21:30:07	4f6bb0c6-21a2-4264-b675-71d964a0bc94	GET	http://localhost:3000	/users
20240123	21:31:08	489ca3e6-5b6d-49e1-bac9-9a97589c5a72	GET	http://localhost:3000	/users
20240123	21:32:09	1df5cc1e-70eb-4c18-9a11-c9175d71cc10	GET	http://localhost:3000	/users
20240123	21:33:10	b508f445-70af-469a-b021-5d329c94f87d	GET	http://localhost:3000	/users
20240123	21:34:11	5ef3948b-a3d8-40fa-8432-66d5053fa04f	GET	http://localhost:3000	/users
20240123	21:35:12	eee3f1c8-dc9e-421e-9c43-e22eeb8da805	GET	http://localhost:3000	/users
20240123	21:36:13	f74547c1-4d66-4a9b-97f9-a82b0cda49dc	GET	http://localhost:3000	/users
20240123	21:37:14	fdbd5c74-704f-499b-b637-3f59fa0a2311	GET	http://localhost:3000	/users
20240123	21:38:15	0309e0d9-ed02-4da4-be1c-63ca59149077	GET	http://localhost:3000	/users
20240123	21:39:16	d4d10bd1-f610-4b16-ab17-1223f672c620	GET	http://localhost:3000	/users
20240123	21:40:01	20e4823a-0e9f-459d-a0c7-9a14b64039a0	GET	undefined	/users
20240123	21:40:17	05883b14-1b1f-45d9-8af7-3799e300fecc	GET	http://localhost:3000	/users
20240123	21:40:53	ccaaf5e9-8aa8-4b8f-9918-f319f86fc713	POST	undefined	/users
20240123	21:41:01	579014c8-94c7-434b-a377-8298f80b4059	GET	undefined	/users
20240123	21:41:08	e8bb82eb-962e-4206-9d4a-9588de115a7c	POST	undefined	/users
20240123	21:41:18	c6675113-c8da-4b6c-94a6-592673ec938d	GET	http://localhost:3000	/users
20240123	21:43:34	0fc1fcc8-2599-46fb-99a8-a9a8f43c66cf	POST	undefined	/users
20240123	21:44:26	e116c001-9fd1-4274-8fa1-f931e57317b8	GET	http://localhost:3000	/users
20240123	21:45:27	79342a25-2f07-4738-ac52-37349c44ad6f	GET	http://localhost:3000	/users
20240123	21:46:28	8d12c6f4-0d01-48f8-b91c-746027308229	GET	http://localhost:3000	/users
20240123	21:46:45	6bddc0bf-9f99-48bd-82b8-a35051cd91ab	OPTIONS	http://localhost:3000	/users
20240123	21:46:45	fd8aca28-5073-40e0-b8ea-23b72e0a9125	POST	http://localhost:3000	/users
20240123	21:46:46	2806a0fa-2d8e-4e14-95f0-b9ec384f1072	GET	http://localhost:3000	/users
20240123	21:47:46	c42aac4e-e0f4-42b6-a431-29b71cfa7319	GET	http://localhost:3000	/users
20240123	21:48:47	cb6ec96b-3cd4-4164-8454-7f1d94d2138b	GET	http://localhost:3000	/users
20240123	21:49:48	01e40d97-782a-499f-a086-46a9be82b84e	GET	http://localhost:3000	/users
20240123	21:50:13	46762f07-3ce8-464b-93c1-c9cb75688ce6	GET	http://localhost:3000	/users
20240123	21:50:13	fc2e0a5b-3dd2-4124-8b95-0da304d561c3	GET	http://localhost:3000	/notes
20240123	21:51:14	fdf240ec-2b02-4285-aa94-92025bdcaa55	GET	http://localhost:3000	/users
20240123	21:52:15	29a3e13d-1ccb-48d3-977b-30bc8a93dd4e	GET	http://localhost:3000	/users
20240123	21:53:16	6e0c0796-39c4-41e4-bbed-0371d2152b32	GET	http://localhost:3000	/users
20240123	21:53:35	18d3c434-bbe9-4029-8202-ec21cc9894e8	GET	http://localhost:3000	/users
20240123	21:53:51	21e51b15-95f0-49dc-9160-8ab573c3b4eb	GET	http://localhost:3000	/users
20240123	21:54:52	8ccde4be-f9eb-4e10-837d-ec983a9488d8	GET	http://localhost:3000	/users
20240123	21:55:53	2f94c330-060b-4359-9064-373965857ace	GET	http://localhost:3000	/users
20240123	21:56:54	ecdc233e-1128-42da-bd5c-02248de0b554	GET	http://localhost:3000	/users
20240123	21:57:55	1b687a4a-1c10-4cbd-b01b-1ffbb863fca7	GET	http://localhost:3000	/users
20240123	21:58:56	a0787903-4a67-4d4e-ac11-77247096be22	GET	http://localhost:3000	/users
20240123	21:59:57	8c62fcde-1fa1-415a-994a-ec82c6d9f07f	GET	http://localhost:3000	/users
20240123	22:00:58	5a8d9f64-609a-49a4-8600-53ccd4e91123	GET	http://localhost:3000	/users
20240123	22:01:59	a5a52ca4-bf30-431e-94ae-b0846166a2bf	GET	http://localhost:3000	/users
20240123	22:02:01	6a761914-988e-4a1e-a69f-770d444ba092	GET	http://localhost:3000	/users
20240124	10:18:41	52fc03f4-0a1f-4e2c-850c-6759bc1fa9d4	GET	/auth/login	undefined
20240124	10:19:27	88dea2d7-7a4d-438a-a0fd-06be145300df	GET	/auth/login	undefined
20240124	10:19:43	789e280a-619f-494f-8b56-cad67a85fdde	GET	/auth	undefined
20240124	10:19:51	9ff6e3ff-9e0b-47b5-a349-1a216d36a724	GET	/	undefined
20240124	10:20:56	26ba0fdc-217b-4693-895b-1396fa1750a1	POST	/	undefined
20240124	10:21:03	07fe16fe-f657-41a9-b80e-fb2427d6596b	POST	/auth	undefined
20240124	11:10:08	cd49980b-caed-41b4-b222-bb05aef95ea9	GET	/notes	http://localhost:3000
20240124	11:10:08	490dac22-0f5f-4279-8e74-787c0d4e9db0	GET	/users	http://localhost:3000
20240124	14:00:05	e0666ca0-f8ec-41fa-bd5e-e290b3a5861b	GET	/notes	http://localhost:3000
20240124	14:00:10	5b60497f-f8a7-427c-80f3-882b0cba604d	GET	/users	http://localhost:3000
20240124	15:14:19	da403ff3-d567-4bf7-b5c1-b9f74c575314	GET	/notes	http://localhost:3000
20240124	15:14:19	eed7723d-194e-433c-a26e-18d6db78a39f	GET	/users	http://localhost:3000
20240124	15:32:55	474915ee-9284-4c16-8b18-780e38f51e1d	OPTIONS	/auth	http://localhost:3000
20240124	15:32:55	480a4dc7-1183-40d0-9665-025405213667	POST	/auth	http://localhost:3000
20240124	15:32:55	a086ab77-0c37-4833-880e-1aae7858f3f8	GET	/notes	http://localhost:3000
20240124	15:32:55	481374b6-1a4e-4e84-a47f-f1ce6cd30296	GET	/users	http://localhost:3000
20240124	15:33:02	d9668645-9312-48cf-83fe-5c590ec4c348	GET	/users	http://localhost:3000
20240124	15:33:11	e6e03933-b830-457c-804c-c88284c22b99	GET	/notes	http://localhost:3000
20240124	15:34:23	2fce79a4-6b47-41de-b25e-25adbfcc73ce	GET	/notes	http://localhost:3000
20240124	15:34:23	171b37a5-e30a-42f7-b102-e0427a532b64	GET	/users	http://localhost:3000
20240124	15:34:24	3e733753-422b-4dc0-9148-39d56df04807	GET	/notes	http://localhost:3000
